<?xml version="1.0" encoding="UTF-8"?>
<testng-results skipped="0" failed="0" total="1" passed="1">
  <reporter-output>
  </reporter-output>
  <suite name="Test Suite" duration-ms="23647" started-at="2020-03-28T11:39:24Z" finished-at="2020-03-28T11:39:48Z">
    <groups>
    </groups>
    <test name="Test" duration-ms="23647" started-at="2020-03-28T11:39:24Z" finished-at="2020-03-28T11:39:48Z">
      <class name="com.actiTime.test.TC_001_LoginPageTest">
        <test-method status="PASS" signature="setUp()[pri:0, instance:com.actiTime.test.TC_001_LoginPageTest@2ff4f00f]" name="setUp" is-config="true" duration-ms="8424" started-at="2020-03-28T17:09:24Z" finished-at="2020-03-28T17:09:33Z">
          <reporter-output>
          </reporter-output>
        </test-method> <!-- setUp -->
        <test-method status="PASS" signature="loginTest()[pri:0, instance:com.actiTime.test.TC_001_LoginPageTest@2ff4f00f]" name="loginTest" duration-ms="14304" started-at="2020-03-28T17:09:33Z" finished-at="2020-03-28T17:09:47Z">
          <reporter-output>
          </reporter-output>
        </test-method> <!-- loginTest -->
        <test-method status="PASS" signature="shutDown()[pri:0, instance:com.actiTime.test.TC_001_LoginPageTest@2ff4f00f]" name="shutDown" is-config="true" duration-ms="903" started-at="2020-03-28T17:09:47Z" finished-at="2020-03-28T17:09:48Z">
          <reporter-output>
          </reporter-output>
        </test-method> <!-- shutDown -->
      </class> <!-- com.actiTime.test.TC_001_LoginPageTest -->
    </test> <!-- Test -->
  </suite> <!-- Test Suite -->
</testng-results>
